
> vibe-generated-app@1.0.0 dev
> vite


  VITE v5.4.20  ready in 255 ms

  ➜  Local:   http://localhost:3000/
  ➜  Network: http://172.20.2.162:3000/
10:17:52 AM [vite] Pre-transform error: Transform failed with 1 error:
/home/workspace/src/App.jsx:105:78: ERROR: Unexpected ","
10:17:53 AM [vite] Internal server error: Transform failed with 1 error:
/home/workspace/src/App.jsx:105:78: ERROR: Unexpected ","
  Plugin: vite:esbuild
  File: /home/workspace/src/App.jsx:105:78
  
  Unexpected ","
  103|              {['Vapes','Hookahs','Tobacco'].map((l,i) => (
  104|                <div key={l} className="rounded-xl border border-amber-100 bg-white p-3 shadow-sm">
  105|                  <div className="text-2xl font-extrabold text-amber-700">{[500+,120+,35+][i]}</div>
     |                                                                                ^
  106|                  <div className="text-xs text-brown-500">{l}</div>
  107|                </div>
  
      at failureErrorWithLog (/home/workspace/node_modules/esbuild/lib/main.js:1472:15)
      at /home/workspace/node_modules/esbuild/lib/main.js:755:50
      at responseCallbacks.<computed> (/home/workspace/node_modules/esbuild/lib/main.js:622:9)
      at handleIncomingPacket (/home/workspace/node_modules/esbuild/lib/main.js:677:12)
      at Socket.readFromStdout (/home/workspace/node_modules/esbuild/lib/main.js:600:7)
      at Socket.emit (node:events:508:28)
      at addChunk (node:internal/streams/readable:559:12)
      at readableAddChunkPushByteMode (node:internal/streams/readable:510:3)
      at Readable.push (node:internal/streams/readable:390:5)
      at Pipe.onStreamRead (node:internal/stream_base_commons:189:23)
10:18:02 AM [vite] Internal server error: Transform failed with 1 error:
/home/workspace/src/App.jsx:105:78: ERROR: Unexpected ","
  Plugin: vite:esbuild
  File: /home/workspace/src/App.jsx:105:78
  
  Unexpected ","
  103|              {['Vapes','Hookahs','Tobacco'].map((l,i) => (
  104|                <div key={l} className="rounded-xl border border-amber-100 bg-white p-3 shadow-sm">
  105|                  <div className="text-2xl font-extrabold text-amber-700">{[500+,120+,35+][i]}</div>
     |                                                                                ^
  106|                  <div className="text-xs text-brown-500">{l}</div>
  107|                </div>
  
      at failureErrorWithLog (/home/workspace/node_modules/esbuild/lib/main.js:1472:15)
      at /home/workspace/node_modules/esbuild/lib/main.js:755:50
      at responseCallbacks.<computed> (/home/workspace/node_modules/esbuild/lib/main.js:622:9)
      at handleIncomingPacket (/home/workspace/node_modules/esbuild/lib/main.js:677:12)
      at Socket.readFromStdout (/home/workspace/node_modules/esbuild/lib/main.js:600:7)
      at Socket.emit (node:events:508:28)
      at addChunk (node:internal/streams/readable:559:12)
      at readableAddChunkPushByteMode (node:internal/streams/readable:510:3)
      at Readable.push (node:internal/streams/readable:390:5)
      at Pipe.onStreamRead (node:internal/stream_base_commons:189:23)
